#
# There is insufficient memory for the Java Runtime Environment to continue.
# Native memory allocation (malloc) failed to allocate 32744 bytes for ChunkPool::allocate
# Possible reasons:
#   The system is out of physical RAM or swap space
#   In 32 bit mode, the process size limit was hit
# Possible solutions:
#   Reduce memory load on the system
#   Increase physical memory or swap space
#   Check if swap backing store is full
#   Use 64 bit Java on a 64 bit OS
#   Decrease Java heap size (-Xmx/-Xms)
#   Decrease number of Java threads
#   Decrease Java thread stack sizes (-Xss)
#   Set larger code cache with -XX:ReservedCodeCacheSize=
# This output file may be truncated or incomplete.
#
#  Out of Memory Error (allocation.cpp:211), pid=5608, tid=816
#
# JRE version: Java(TM) SE Runtime Environment (7.0_75-b13) (build 1.7.0_75-b13)
# Java VM: Java HotSpot(TM) 64-Bit Server VM (24.75-b04 mixed mode windows-amd64 compressed oops)
# Failed to write core dump. Minidumps are not enabled by default on client versions of Windows
#

---------------  T H R E A D  ---------------

Current thread (0x0000000008cc4000):  JavaThread "C2 CompilerThread0" daemon [_thread_in_native, id=816, stack(0x000000000a230000,0x000000000a330000)]

Stack: [0x000000000a230000,0x000000000a330000]
[error occurred during error reporting (printing stack bounds), id 0xc0000005]


Current CompileTask:
C2:   3331  233   !         com.android.dx.cf.code.BytecodeArray::parseInstruction (2764 bytes)


---------------  P R O C E S S  ---------------

Java Threads: ( => current thread )
  0x0000000008cd4000 JavaThread "Service Thread" daemon [_thread_blocked, id=6780, stack(0x000000000a430000,0x000000000a530000)]
  0x0000000008ccd800 JavaThread "C2 CompilerThread1" daemon [_thread_in_native, id=6676, stack(0x000000000a330000,0x000000000a430000)]
=>0x0000000008cc4000 JavaThread "C2 CompilerThread0" daemon [_thread_in_native, id=816, stack(0x000000000a230000,0x000000000a330000)]
  0x0000000008cc3000 JavaThread "Attach Listener" daemon [_thread_blocked, id=4484, stack(0x000000000a130000,0x000000000a230000)]
  0x0000000008cbf800 JavaThread "Signal Dispatcher" daemon [_thread_blocked, id=8368, stack(0x000000000a030000,0x000000000a130000)]
  0x0000000008c8e000 JavaThread "Finalizer" daemon [_thread_blocked, id=4236, stack(0x0000000009f30000,0x000000000a030000)]
  0x0000000008c85000 JavaThread "Reference Handler" daemon [_thread_blocked, id=8860, stack(0x0000000009e30000,0x0000000009f30000)]
  0x0000000002df0800 JavaThread "main" [_thread_in_Java, id=5908, stack(0x0000000002cf0000,0x0000000002df0000)]

Other Threads:
  0x0000000008c80000 VMThread [stack: 0x0000000009d30000,0x0000000009e30000] [id=1200]
  0x0000000008ce2800 WatcherThread [stack: 0x000000000a530000,0x000000000a630000] [id=5392]

VM state:not at safepoint (normal execution)

VM Mutex/Monitor currently owned by a thread: None

Heap
 PSYoungGen      total 18944K, used 15875K [0x00000000eaa80000, 0x00000000ebf80000, 0x0000000100000000)
  eden space 16384K, 81% used [0x00000000eaa80000,0x00000000eb787348,0x00000000eba80000)
  from space 2560K, 99% used [0x00000000eba80000,0x00000000ebcf9c88,0x00000000ebd00000)
  to   space 2560K, 0% used [0x00000000ebd00000,0x00000000ebd00000,0x00000000ebf80000)
 ParOldGen       total 42496K, used 1490K [0x00000000c0000000, 0x00000000c2980000, 0x00000000eaa80000)
  object space 42496K, 3% used [0x00000000c0000000,0x00000000c0174b40,0x00000000c2980000)
 PSPermGen       total 21504K, used 5505K [0x00000000bae00000, 0x00000000bc300000, 0x00000000c0000000)
  object space 21504K, 25% used [0x00000000bae00000,0x00000000bb360608,0x00000000bc300000)

Card table byte_map: [0x0000000005ef0000,0x0000000006120000] byte_map_base: 0x0000000005919000

Polling page: 0x0000000001210000

Code Cache  [0x0000000002ef0000, 0x0000000003160000, 0x0000000005ef0000)
 total_blobs=474 nmethods=240 adapters=186 free_code_cache=48164Kb largest_free_block=49293568

Compilation events (10 events):
Event: 3.115 Thread 0x0000000008ccd800 nmethod 237 0x0000000002fcd010 code [0x0000000002fcd160, 0x0000000002fcd2d8]
Event: 3.122 