#
# There is insufficient memory for the Java Runtime Environment to continue.
# Native memory allocation (malloc) failed to allocate 314256 bytes for Chunk::new
# Possible reasons:
#   The system is out of physical RAM or swap space
#   In 32 bit mode, the process size limit was hit
# Possible solutions:
#   Reduce memory load on the system
#   Increase physical memory or swap space
#   Check if swap backing store is full
#   Use 64 bit Java on a 64 bit OS
#   Decrease Java heap size (-Xmx/-Xms)
#   Decrease number of Java threads
#   Decrease Java thread stack sizes (-Xss)
#   Set larger code cache with -XX:ReservedCodeCacheSize=
# This output file may be truncated or incomplete.
#
#  Out of Memory Error (allocation.cpp:323), pid=4708, tid=3624
#
# JRE version: Java(TM) SE Runtime Environment (7.0_75-b13) (build 1.7.0_75-b13)
# Java VM: Java HotSpot(TM) 64-Bit Server VM (24.75-b04 mixed mode windows-amd64 compressed oops)
# Failed to write core dump. Minidumps are not enabled by default on client versions of Windows
#

---------------  T H R E A D  ---------------

Current thread (0x0000000008ab5800):  JavaThread "C2 CompilerThread1" daemon [_thread_in_native, id=3624, stack(0x000000000a130000,0x000000000a230000)]

Stack: [0x000000000a130000,0x000000000a230000]
[error occurred during error reporting (printing stack bounds), id 0xc0000005]


[error occurred during error reporting (printing native stack), id 0xc0000005]


Current CompileTask:
C2:   3347  198             com.android.dx.ssa.SsaBasicBlock::newFromRop (183 bytes)


---------------  P R O C E S S  ---------------

Java Threads: ( => current thread )
  0x0000000008ac4800 JavaThread "Service Thread" daemon [_thread_blocked, id=7652, stack(0x000000000a230000,0x000000000a330000)]
=>0x0000000008ab5800 JavaThread "C2 CompilerThread1" daemon [_thread_in_native, id=3624, stack(0x000000000a130000,0x000000000a230000)]
  0x0000000008ab3800 JavaThread "C2 CompilerThread0" daemon [_thread_blocked, id=7992, stack(0x000000000a030000,0x000000000a130000)]
  0x0000000008ab2800 JavaThread "Attach Listener" daemon [_thread_blocked, id=6136, stack(0x0000000009f30000,0x000000000a030000)]
  0x0000000008aaf800 JavaThread "Signal Dispatcher" daemon [_thread_blocked, id=8660, stack(0x0000000009e30000,0x0000000009f30000)]
  0x0000000008a78800 JavaThread "Finalizer" daemon [_thread_blocked, id=5020, stack(0x0000000009d30000,0x0000000009e30000)]
  0x0000000008a75000 JavaThread "Reference Handler" daemon [_thread_blocked, id=8848, stack(0x0000000009c30000,0x0000000009d30000)]
  0x0000000002a90800 JavaThread "main" [_thread_in_Java, id=5672, stack(0x00000000011e0000,0x00000000012e0000)]

Other Threads:
  0x0000000008a70000 VMThread [stack: 0x0000000009b30000,0x0000000009c30000] [id=4284]
  0x0000000008ad2800 WatcherThread [stack: 0x000000000a330000,0x000000000a430000] [id=6816]

VM state:not at safepoint (normal execution)

VM Mutex/Monitor currently owned by a thread: None

Heap
 PSYoungGen      total 18944K, used 11489K [0x00000000eaa80000, 0x00000000ebf80000, 0x0000000100000000)
  eden space 16384K, 54% used [0x00000000eaa80000,0x00000000eb33a9a8,0x00000000eba80000)
  from space 2560K, 99% used [0x00000000eba80000,0x00000000ebcfdc78,0x00000000ebd00000)
  to   space 2560K, 0% used [0x00000000ebd00000,0x00000000ebd00000,0x00000000ebf80000)
 ParOldGen       total 42496K, used 1519K [0x00000000c0000000, 0x00000000c2980000, 0x00000000eaa80000)
  object space 42496K, 3% used [0x00000000c0000000,0x00000000c017be60,0x00000000c2980000)
 PSPermGen       total 21504K, used 5480K [0x00000000bae00000, 0x00000000bc300000, 0x00000000c0000000)
  object space 21504K, 25% used [0x00000000bae00000,0x00000000bb35a310,0x00000000bc300000)

Card table byte_map: [0x0000000005ce0000,0x0000000005f10000] byte_map_base: 0x0000000005709000

Polling page: 0x0000000001090000

Code Cache  [0x0000000002c20000, 0x0000000002e90000, 0x0000000005c20000)
 total_blobs=432 nmethods=198 adapters=186 free_code_cache=48323Kb largest_free_block=49456896

Compilation events (10 events):
Event: 3.272 Thread 0x0000000008ab5800  194             com.android.dx.dex.code.OutputCollector::add (9 bytes)
Event: 3.272 Thread 0x0000000008ab5800 nmethod 194 0x0000000002ce69d0 code [0x0000000002ce6b20, 0x0000000002ce6ba8]
Event: 3.272 Thread 0x0000000008ab5800  195             com.android.dx.ssa.SsaMethod::buildUseList (112 bytes)
Event: 3.282 Thread 0x0000000008ab3800 nmethod 187 0x0000000002cf0690 code [0x0000000002cf0a20, 0x0000000002cf23d8]
Event: 3.282 Thread 0x0000000008ab3800  196             com.android.dx.dex.code.ZeroSizeInsn::<init> (12 bytes)
Event: 3.285 Thread 0x0000000008ab3800 nmethod 196 0x0000000002ce5850 code [0x0000000002ce59a0, 0x0000000002ce5a38]
Event: 3.287 Thread 0x0000000008ab5800 nmethod 195 0x0000000002ced9d0 code [0x0000000002cedba0, 0x0000000002cee388]
Event: 3.332 Thread 0x0000000008ab3800  197   !         com.android.dx.util.IntList::set (53 bytes)
Event: 3.334 Thread 0x0000000008ab3800 nmethod 197 0x0000000002ced690 code [0x0000000002ced7e0, 0x0000000002ced8b8]
Event: 3.335 Thread 0x0000000008ab5800  198             com.android.dx.ssa.SsaBasicBlock::newFromRop (183 bytes)

GC Heap History (2 events):
Event: 1.974 GC heap before
{Heap before GC invocations=1 (full 0):
 PSYoungGen      total 18944K, used 16384K [0x00000000eaa80000, 0x00000000ebf80000, 0x0000000100000000)
  eden space 16384K, 100% used [0x00000000eaa80000,0x00000000eba80000,0x00000000eba80000)
  from space 2560K, 0% used [0x00000000ebd00000,0x00000000ebd00000,0x00000000ebf80000)
  to   space 2560K, 0% used [0x00000000eba80000,0x00000000eba80000,0x00000000ebd00000)
 ParOldGen       total 42496K, used 0K [0x00000000c0000000, 0x00000000c2980000, 0x00000000eaa80000)
  object space 42496K, 0% used [0x00000000c0000000,0x00000000c0000000,0x00000000c2980000)
 PSPermGen       total 21504K, used 5351K [0x00000000bae00000, 0x00000000bc300000, 0x00000000c0000000)
  object space 21504K, 24% used [0x00000000bae00000,0x00000000bb339e00,0x00000000bc300000)
Event: 1.986 GC heap after
Heap after GC invocations=1 (full 0):
 PSYoungGen      total 18944K, used 2551K [0x00000000eaa80000, 0x00000000ebf80000, 0x0000000100000000)
  eden space 16384K, 0% used [0x00000000eaa80000,0x00000000eaa80000,0x00000000eba80000)
  from space 2560K, 99% used [0x00000000eba80000,0x00000000ebcfdc78,0x00000000ebd00000)
  to   space 2560K, 0% used [0x00000000ebd00000,0x00000000ebd00000,0x00000000ebf80000)
 ParOldGen       total 42496K, used 1519K [0x00000000c0000000, 0x00000000c2980000, 0x00000000eaa80000)
  object space 42496K, 3% used [0x00000000c0000000,0x00000000c017be60,0x00000000c2980000)
 PSPermGen       total 21504K, used 5351K [0x00000000bae00000, 0x00000000bc300000, 0x00000000c0000000)
  object space 21504K, 24% used [0x00000000bae00000,0x00000000bb339e00,0x00000000bc300000)
}

Deoptimization events (1 events):
Event: 2.505 Thread 0x0000000002a90800 Uncommon trap: reason=unreached action=reinterpret pc=0x0000000002c9af04 method=com.android.dx.rop.cst.Constant.compareTo(Lcom/android/dx/rop/cst/Constant;)I @ 12

Internal exceptions (10 events):
Event: 0.854 Thread 0x0000000002a90800 Threw 0x00000000eb420128 at C:\re\jdk7u75\1940\hotspot\src\share\vm\prims\jvm.cpp:1281
Event: 0.855 Thread 0x0000000002a90800 Threw 0x00000000eb4223c0 at C:\re\jdk7u75\1940\hotspot\src\share\vm\prims\jvm.cpp:1281
Event: 1.516 Thread 0x0000000002a90800 Threw 0x00000000eb81e828 at C:\re\jdk7u75\1940\hotspot\src\share\vm\prims\jvm.cpp:1281
Event: 1.517 Thread 0x0000000002a90800 Threw 0x00000000eb8286c0 at C:\re\jdk7u75\1940\hotspot\src\share\vm\prims\jvm.cpp:1281
Event: 1.518 Thread 0x0000000002a90800 Threw 0x00000000eb82afa0 at C:\re\jdk7u75\1940\hotspot\src\share\vm\prims\jvm.cpp:1281
Event: 1.740 Thread 0x0000000002a90800 Threw 0x00000000eb982550 at C:\re\jdk7u75\1940\hotspot\src\share\vm\prims\jvm.cpp:1281
Event: 1.740 Thread 0x0000000002a90800 Threw 0x00000000eb987da0 at C:\re\jdk7u75\1940\hotspot\src\share\vm\prims\jvm.cpp:1281
Event: 1.742 Thread 0x0000000002a90800 Threw 0x00000000eb98d368 at C:\re\jdk7u75\1940\hotspot\src\share\vm\prims\jvm.cpp:1281
Event: 2.514 Thread 0x0000000002a90800 Threw 0x00000000eaddec00 at C:\re\jdk7u75\1940\hotspot\src\share\vm\prims\jvm.cpp:1281
Event: 2.760 Thread 0x0000000002a90800 Threw 0x00000000eaf4db10 at C:\re\jdk7u75\1940\hotspot\src\share\vm\prims\jvm.cpp:1281

Events (10 events):
Event: 1.742 loading class 0x000000000a6be560 done
Event: 1.974 Executing VM operation: ParallelGCFailedAllocation
Event: 1.986 Executing VM operation: ParallelGCFailedAllocation done
Event: 2.505 Thread 0x0000000002a90800 Uncommon trap: trap_request=0xffffffad fr.pc=0x0000000002c9af04
Event: 2.505 Thread 0x0000000002a90800 DEOPT PACKING pc=0x0000000002c9af04 sp=0x00000000012de320
Event: 2.505 Thread 0x0000000002a90800 DEOPT UNPACKING pc=0x0000000002c575a4 sp=0x00000000012de2c0 mode 2
Event: 2.514 loading class 0x000000000a4da970
Event: 2.514 loading class 0x000000000a4da970 done
Event: 2.760 loading class 0x000000000a5fc560
Event: 2.760 loading class 0x000000000a5fc560 done


Dynamic libraries:
0x00007ff75b1c0000 - 0x00007ff75b1f3000 	C:\Program Files\Java\jdk1.7.0_75\bin\java.exe
0x00007ffd65ee0000 - 0x00007ffd6608c000 	C:\windows\SYSTEM32\ntdll.dll
0x00007ffd65b30000 - 0x00007ffd65c6a000 	C:\windows\system32\KERNEL32.DLL
0x00007ffd63520000 - 0x00007ffd6362f000 	C:\windows\system32\KERNELBASE.dll
0x00007ffd61d20000 - 0x00007ffd61da8000 	C:\windows\system32\apphelp.dll
0x00007ffd53620000 - 0x00007ffd5366f000 	C:\windows\AppPatch\AppPatch64\AcGenral.DLL
0x00007ffd64e80000 - 0x00007ffd64f27000 	C:\windows\system32\msvcrt.dll
0x00007ffd630e0000 - 0x00007ffd6310b000 	C:\windows\SYSTEM32\SspiCli.dll
0x00007ffd654f0000 - 0x00007ffd65541000 	C:\windows\system32\SHLWAPI.dll
0x00007ffd659a0000 - 0x00007ffd65b11000 	C:\windows\system32\USER32.dll
0x00007ffd65d60000 - 0x00007ffd65ed8000 	C:\windows\system32\ole32.dll
0x00007ffd63820000 - 0x00007ffd64d38000 	C:\windows\system32\SHELL32.dll
0x00007ffd62790000 - 0x00007ffd627ae000 	C:\windows\SYSTEM32\USERENV.dll
0x00007ffd64f30000 - 0x00007ffd64fd5000 	C:\windows\system32\ADVAPI32.dll
0x00007ffd5a910000 - 0x00007ffd5a92b000 	C:\windows\SYSTEM32\MPR.dll
0x00007ffd64d40000 - 0x00007ffd64e77000 	C:\windows\system32\RPCRT4.dll
0x00007ffd65760000 - 0x00007ffd657b9000 	C:\windows\SYSTEM32\sechost.dll
0x00007ffd657c0000 - 0x00007ffd65996000 	C:\windows\SYSTEM32\combase.dll
0x00007ffd64fe0000 - 0x00007ffd65124000 	C:\windows\system32\GDI32.dll
0x00007ffd63120000 - 0x00007ffd63134000 	C:\windows\SYSTEM32\profapi.dll
0x00007ffd61520000 - 0x00007ffd615bf000 	C:\windows\SYSTEM32\SHCORE.dll
0x00007ffd65d10000 - 0x00007ffd65d44000 	C:\windows\system32\IMM32.DLL
0x00007ffd65130000 - 0x00007ffd65281000 	C:\windows\system32\MSCTF.dll
0x00007ffd60e50000 - 0x00007ffd610aa000 	C:\windows\WinSxS\amd64_microsoft.windows.common-controls_6595b64144ccf1df_6.0.9600.17031_none_6242a4b3ecbb55a1\COMCTL32.dll
0x000000005d7b0000 - 0x000000005d882000 	C:\Program Files\Java\jdk1.7.0_75\jre\bin\msvcr100.dll
0x000000005dd20000 - 0x000000005e4f4000 	C:\Program Files\Java\jdk1.7.0_75\jre\bin\server\jvm.dll
0x00007ffd59b20000 - 0x00007ffd59b29000 	C:\windows\SYSTEM32\WSOCK32.dll
0x00007ffd5ef30000 - 0x00007ffd5ef4f000 	C:\windows\SYSTEM32\WINMM.dll
0x00007ffd65b20000 - 0x00007ffd65b27000 	C:\windows\system32\PSAPI.DLL
0x00007ffd652f0000 - 0x00007ffd65348000 	C:\windows\system32\WS2_32.dll
0x00007ffd5ef00000 - 0x00007ffd5ef2a000 	C:\windows\SYSTEM32\WINMMBASE.dll
0x00007ffd65d50000 - 0x00007ffd65d59000 	C:\windows\system32\NSI.dll
0x00007ffd631f0000 - 0x00007ffd6323a000 	C:\windows\SYSTEM32\cfgmgr32.dll
0x00007ffd61f90000 - 0x00007ffd61fb6000 	C:\windows\SYSTEM32\DEVOBJ.dll
0x000000005dc30000 - 0x000000005dc3f000 	C:\Program Files\Java\jdk1.7.0_75\jre\bin\verify.dll
0x000000005dc00000 - 0x000000005dc28000 	C:\Program Files\Java\jdk1.7.0_75\jre\bin\java.dll
0x000000005dbe0000 - 0x000000005dbf5000 	C:\Program Files\Java\jdk1.7.0_75\jre\bin\zip.dll
0x000000005dbc0000 - 0x000000005dbd9000 	C:\Program Files\Java\jdk1.7.0_75\jre\bin\net.dll
0x00007ffd62a30000 - 0x00007ffd62a88000 	C:\windows\system32\mswsock.dll
0x000000005dba0000 - 0x000000005dbb1000 	C:\Program Files\Java\jdk1.7.0_75\jre\bin\nio.dll

VM Arguments:
jvm_args: -Xmx1024M -Dfile.encoding=windows-1252 -Duser.country=SE -Duser.language=sv -Duser.variant 
java_command: com.android.dx.command.Main --dex --output C:\Users\David\Documents\GitHub\ElderAlarm\wear\build\intermediates\pre-dexed\debug\classes-0172e5cf8f663a9e23b1e4df4841e20351668711.jar C:\Users\David\Documents\GitHub\ElderAlarm\wear\build\intermediates\exploded-aar\com.android.support\support-v4\21.0.3\classes.jar
Launcher Type: SUN_STANDARD

Environment Variables:
PATH=C:\windows\system32;C:\windows;C:\windows\System32\Wbem;C:\windows\System32\WindowsPowerShell\v1.0\;C:\Program Files (x86)\Skype\Phone\
USERNAME=David
OS=Windows_NT
PROCESSOR_IDENTIFIER=Intel64 Family 6 Model 69 Stepping 1, GenuineIntel



---------------  S Y S T E M  ---------------

OS: Windows 8.1 , 64 bit Build 9600 

CPU:total 4 (2 cores per cpu, 2 threads per core) family 6 model 69 stepping 1, cmov, cx8, fxsr, mmx, sse, sse2, sse3, ssse3, sse4.1, sse4.2, popcnt, avx, avx2, aes, erms, ht, tsc, tscinvbit

Memory: 4k page, physical 4112428k(127108k free), swap 7258156k(5036k free)

vm_info: Java HotSpot(TM) 64-Bit Server VM (24.75-b04) for windows-amd64 JRE (1.7.0_75-b13), built on Dec 18 2014 17:15:01 by "java_re" with unknown MS VC++:1600

time: Tue May 05 10:56:28 2015
elapsed time: 3 seconds

