#
# There is insufficient memory for the Java Runtime Environment to continue.
# Native memory allocation (malloc) failed to allocate 65552 bytes for Chunk::new
# Possible reasons:
#   The system is out of physical RAM or swap space
#   In 32 bit mode, the process size limit was hit
# Possible solutions:
#   Reduce memory load on the system
#   Increase physical memory or swap space
#   Check if swap backing store is full
#   Use 64 bit Java on a 64 bit OS
#   Decrease Java heap size (-Xmx/-Xms)
#   Decrease number of Java threads
#   Decrease Java thread stack sizes (-Xss)
#   Set larger code cache with -XX:ReservedCodeCacheSize=
# This output file may be truncated or incomplete.
#
#  Out of Memory Error (allocation.cpp:323), pid=2056, tid=8272
#
# JRE version: Java(TM) SE Runtime Environment (7.0_75-b13) (build 1.7.0_75-b13)
# Java VM: Java HotSpot(TM) 64-Bit Server VM (24.75-b04 mixed mode windows-amd64 compressed oops)
# Failed to write core dump. Minidumps are not enabled by default on client versions of Windows
#

---------------  T H R E A D  ---------------

Current thread (0x0000000008363800):  JavaThread "C2 CompilerThread0" daemon [_thread_in_native, id=8272, stack(0x00000000098d0000,0x00000000099d0000)]

Stack: [0x00000000098d0000,0x00000000099d0000]
[error occurred during error reporting (printing stack bounds), id 0xc0000005]


[error occurred during error reporting (printing native stack), id 0xc0000005]


Current CompileTask:
C2:   3335  227             com.android.dx.ssa.SCCP::simulateStmt (481 bytes)


---------------  P R O C E S S  ---------------

Java Threads: ( => current thread )
  0x0000000008373800 JavaThread "Service Thread" daemon [_thread_blocked, id=7528, stack(0x0000000009ad0000,0x0000000009bd0000)]
  0x000000000836d800 JavaThread "C2 CompilerThread1" daemon [_thread_in_native, id=8308, stack(0x00000000099d0000,0x0000000009ad0000)]
=>0x0000000008363800 JavaThread "C2 CompilerThread0" daemon [_thread_in_native, id=8272, stack(0x00000000098d0000,0x00000000099d0000)]
  0x0000000008363000 JavaThread "Attach Listener" daemon [_thread_blocked, id=8364, stack(0x00000000097d0000,0x00000000098d0000)]
  0x000000000835f800 JavaThread "Signal Dispatcher" daemon [_thread_blocked, id=6544, stack(0x00000000096d0000,0x00000000097d0000)]
  0x000000000832e000 JavaThread "Finalizer" daemon [_thread_blocked, id=2000, stack(0x00000000095d0000,0x00000000096d0000)]
  0x0000000008325000 JavaThread "Reference Handler" daemon [_thread_blocked, id=7912, stack(0x00000000094d0000,0x00000000095d0000)]
  0x00000000023d0800 JavaThread "main" [_thread_in_Java, id=180, stack(0x0000000002250000,0x0000000002350000)]

Other Threads:
  0x0000000008320000 VMThread [stack: 0x00000000093d0000,0x00000000094d0000] [id=4804]
  0x0000000008382800 WatcherThread [stack: 0x0000000009bd0000,0x0000000009cd0000] [id=8144]

VM state:not at safepoint (normal execution)

VM Mutex/Monitor currently owned by a thread: None

Heap
 PSYoungGen      total 18944K, used 13310K [0x00000000eaa80000, 0x00000000ecf80000, 0x0000000100000000)
  eden space 16384K, 65% used [0x00000000eaa80000,0x00000000eb507450,0x00000000eba80000)
  from space 2560K, 98% used [0x00000000eba80000,0x00000000ebcf84d0,0x00000000ebd00000)
  to   space 2560K, 0% used [0x00000000ecd00000,0x00000000ecd00000,0x00000000ecf80000)
 ParOldGen       total 42496K, used 1410K [0x00000000c0000000, 0x00000000c2980000, 0x00000000eaa80000)
  object space 42496K, 3% used [0x00000000c0000000,0x00000000c0160ba0,0x00000000c2980000)
 PSPermGen       total 21504K, used 5488K [0x00000000bae00000, 0x00000000bc300000, 0x00000000c0000000)
  object space 21504K, 25% used [0x00000000bae00000,0x00000000bb35c108,0x00000000bc300000)

Card table byte_map: [0x0000000005590000,0x00000000057c0000] byte_map_base: 0x0000000004fb9000

Polling page: 0x0000000000a60000

Code Cache  [0x00000000024d0000, 0x0000000002740000, 0x00000000054d0000)
 total_blobs=461 nmethods=227 adapters=186 free_code_cache=48259Kb largest_free_block=49389952

Compilation events (10 events):
Event: 3.205 Thread 0x0000000008363800 nmethod 223 0x00000000025b5310 code [0x00000000025b5460, 0x00000000025b5558]
Event: 3.206 Thread 0x000000000836d800  224             java.util.HashMap::<init> (9 bytes)
Event: 3.208 Thread 0x000000000836d800 nmethod 224 0x00000000025b5050 code [0x00000000025b51a0, 0x00000000025b5258]
Event: 3.211 Thread 0x0000000008363800  225             com.android.dx.rop.code.CstInsn::getConstant (5 bytes)
Event: 3.211 Thread 0x0000000008363800 nmethod 225 0x00000000025a32d0 code [0x00000000025a3400, 0x00000000025a3458]
Event: 3.213 Thread 0x000000000836d800  226             com.android.dx.util.BitIntSet::<init> (13 bytes)
Event: 3.214 Thread 0x000000000836d800 nmethod 226 0x00000000025b4d10 code [0x00000000025b4e60, 0x00000000025b4f78]
Event: 3.320 Thread 0x0000000008363800  227             com.android.dx.ssa.SCCP::simulateStmt (481 bytes)
Event: 3.331 Thread 0x000000000836d800  228             com.android.dx.rop.cst.CstString::compareTo0 (15 bytes)
Event: 3.332 Thread 0x000000000836d800 nmethod 228 0x00000000025b4910 code [0x00000000025b4a60, 0x00000000025b4c18]

GC Heap History (2 events):
Event: 1.771 GC heap before
{Heap before GC invocations=1 (full 0):
 PSYoungGen      total 18944K, used 16384K [0x00000000eaa80000, 0x00000000ebf80000, 0x0000000100000000)
  eden space 16384K, 100% used [0x00000000eaa80000,0x00000000eba80000,0x00000000eba80000)
  from space 2560K, 0% used [0x00000000ebd00000,0x00000000ebd00000,0x00000000ebf80000)
  to   space 2560K, 0% used [0x00000000eba80000,0x00000000eba80000,0x00000000ebd00000)
 ParOldGen       total 42496K, used 0K [0x00000000c0000000, 0x00000000c2980000, 0x00000000eaa80000)
  object space 42496K, 0% used [0x00000000c0000000,0x00000000c0000000,0x00000000c2980000)
 PSPermGen       total 21504K, used 5375K [0x00000000bae00000, 0x00000000bc300000, 0x00000000c0000000)
  object space 21504K, 24% used [0x00000000bae00000,0x00000000bb33ff70,0x00000000bc300000)
Event: 1.854 GC heap after
Heap after GC invocations=1 (full 0):
 PSYoungGen      total 18944K, used 2529K [0x00000000eaa80000, 0x00000000ecf80000, 0x0000000100000000)
  eden space 16384K, 0% used [0x00000000eaa80000,0x00000000eaa80000,0x00000000eba80000)
  from space 2560K, 98% used [0x00000000eba80000,0x00000000ebcf84d0,0x00000000ebd00000)
  to   space 2560K, 0% used [0x00000000ecd00000,0x00000000ecd00000,0x00000000ecf80000)
 ParOldGen       total 42496K, used 1410K [0x00000000c0000000, 0x00000000c2980000, 0x00000000eaa80000)
  object space 42496K, 3% used [0x00000000c0000000,0x00000000c0160ba0,0x00000000c2980000)
 PSPermGen       total 21504K, used 5375K [0x00000000bae00000, 0x00000000bc300000, 0x00000000c0000000)
  object space 21504K, 24% used [0x00000000bae00000,0x00000000bb33ff70,0x00000000bc300000)
}

Deoptimization events (10 events):
Event: 2.550 Thread 0x00000000023d0800 Uncommon trap: reason=bimorphic action=maybe_recompile pc=0x00000000025709cc method=com.android.dx.ssa.LocalVariableExtractor.processBlock(I)V @ 69
Event: 2.550 Thread 0x00000000023d0800 Uncommon trap: reason=bimorphic action=maybe_recompile pc=0x00000000025709cc method=com.android.dx.ssa.LocalVariableExtractor.processBlock(I)V @ 69
Event: 2.712 Thread 0x00000000023d0800 Uncommon trap: reason=class_check action=maybe_recompile pc=0x000000000256af44 method=java.util.Collections$UnmodifiableCollection$1.hasNext()Z @ 4
Event: 2.712 Thread 0x00000000023d0800 Uncommon trap: reason=class_check action=maybe_recompile pc=0x000000000256af44 method=java.util.Collections$UnmodifiableCollection$1.hasNext()Z @ 4
Event: 2.712 Thread 0x00000000023d0800 Uncommon trap: reason=class_check action=maybe_recompile pc=0x000000000256af44 method=java.util.Collections$UnmodifiableCollection$1.hasNext()Z @ 4
Event: 2.712 Thread 0x00000000023d0800 Uncommon trap: reason=class_check action=maybe_recompile pc=0x000000000256af44 method=java.util.Collections$UnmodifiableCollection$1.hasNext()Z @ 4
Event: 3.320 Thread 0x00000000023d0800 Uncommon trap: reason=class_check action=maybe_recompile pc=0x0000000002574ec0 method=java.util.HashMap.put(Ljava/lang/Object;Ljava/lang/Object;)Ljava/lang/Object; @ 83
Event: 3.320 Thread 0x00000000023d0800 Uncommon trap: reason=class_check action=maybe_recompile pc=0x0000000002574ec0 method=java.util.HashMap.put(Ljava/lang/Object;Ljava/lang/Object;)Ljava/lang/Object; @ 83
Event: 3.327 Thread 0x00000000023d0800 Uncommon trap: reason=class_check action=maybe_recompile pc=0x0000000002574ec0 method=java.util.HashMap.put(Ljava/lang/Object;Ljava/lang/Object;)Ljava/lang/Object; @ 83
Event: 3.327 Thread 0x00000000023d0800 Uncommon trap: reason=class_check action=maybe_recompile pc=0x0000000002574ec0 method=java.util.HashMap.put(Ljava/lang/Object;Ljava/lang/Object;)Ljava/lang/Object; @ 83

Internal exceptions (10 events):
Event: 0.571 Thread 0x00000000023d0800 Threw 0x00000000eb161130 at C:\re\jdk7u75\1940\hotspot\src\share\vm\prims\jvm.cpp:1281
Event: 0.571 Thread 0x00000000023d0800 Threw 0x00000000eb1654b0 at C:\re\jdk7u75\1940\hotspot\src\share\vm\prims\jvm.cpp:1281
Event: 0.582 Thread 0x00000000023d0800 Threw 0x00000000eb1863e0 at C:\re\jdk7u75\1940\hotspot\src\share\vm\prims\jvm.cpp:1281
Event: 0.596 Thread 0x00000000023d0800 Threw 0x00000000eb1a6dd0 at C:\re\jdk7u75\1940\hotspot\src\share\vm\prims\jvm.cpp:1281
Event: 0.597 Thread 0x00000000023d0800 Threw 0x00000000eb1a9630 at C:\re\jdk7u75\1940\hotspot\src\share\vm\prims\jvm.cpp:1281
Event: 0.703 Thread 0x00000000023d0800 Threw 0x00000000eb2b1550 at C:\re\jdk7u75\1940\hotspot\src\share\vm\prims\jvm.cpp:1281
Event: 0.795 Thread 0x00000000023d0800 Threw 0x00000000eb363680 at C:\re\jdk7u75\1940\hotspot\src\share\vm\prims\jvm.cpp:1281
Event: 2.222 Thread 0x00000000023d0800 Threw 0x00000000ead31d70 at C:\re\jdk7u75\1940\hotspot\src\share\vm\prims\jvm.cpp:1281
Event: 2.712 Thread 0x00000000023d0800 Threw 0x00000000eaf8d7f0 at C:\re\jdk7u75\1940\hotspot\src\share\vm\prims\jvm.cpp:1281
Event: 3.123 Thread 0x00000000023d0800 Threw 0x00000000eb38f518 at C:\re\jdk7u75\1940\hotspot\src\share\vm\prims\jvm.cpp:1281

Events (10 events):
Event: 3.320 Thread 0x00000000023d0800 DEOPT UNPACKING pc=0x00000000025075a4 sp=0x000000000234ea28 mode 2
Event: 3.320 Thread 0x00000000023d0800 Uncommon trap: trap_request=0xffffffde fr.pc=0x0000000002574ec0
Event: 3.320 Thread 0x00000000023d0800 DEOPT PACKING pc=0x0000000002574ec0 sp=0x000000000234ea80
Event: 3.320 Thread 0x00000000023d0800 DEOPT UNPACKING pc=0x00000000025075a4 sp=0x000000000234ea28 mode 2
Event: 3.327 Thread 0x00000000023d0800 Uncommon trap: trap_request=0xffffffde fr.pc=0x0000000002574ec0
Event: 3.327 Thread 0x00000000023d0800 DEOPT PACKING pc=0x0000000002574ec0 sp=0x000000000234ea80
Event: 3.327 Thread 0x00000000023d0800 DEOPT UNPACKING pc=0x00000000025075a4 sp=0x000000000234ea28 mode 2
Event: 3.327 Thread 0x00000000023d0800 Uncommon trap: trap_request=0xffffffde fr.pc=0x0000000002574ec0
Event: 3.327 Thread 0x00000000023d0800 DEOPT PACKING pc=0x0000000002574ec0 sp=0x000000000234ea80
Event: 3.327 Thread 0x00000000023d0800 DEOPT UNPACKING pc=0x00000000025075a4 sp=0x000000000234ea28 mode 2


Dynamic libraries:
0x00007ff75b1c0000 - 0x00007ff75b1f3000 	C:\Program Files\Java\jdk1.7.0_75\bin\java.exe
0x00007ffd65ee0000 - 0x00007ffd6608c000 	C:\windows\SYSTEM32\ntdll.dll
0x00007ffd65b30000 - 0x00007ffd65c6a000 	C:\windows\system32\KERNEL32.DLL
0x00007ffd63520000 - 0x00007ffd6362f000 	C:\windows\system32\KERNELBASE.dll
0x00007ffd61d20000 - 0x00007ffd61da8000 	C:\windows\system32\apphelp.dll
0x00007ffd53620000 - 0x00007ffd5366f000 	C:\windows\AppPatch\AppPatch64\AcGenral.DLL
0x00007ffd64e80000 - 0x00007ffd64f27000 	C:\windows\system32\msvcrt.dll
0x00007ffd630e0000 - 0x00007ffd6310b000 	C:\windows\SYSTEM32\SspiCli.dll
0x00007ffd654f0000 - 0x00007ffd65541000 	C:\windows\system32\SHLWAPI.dll
0x00007ffd659a0000 - 0x00007ffd65b11000 	C:\windows\system32\USER32.dll
0x00007ffd65d60000 - 0x00007ffd65ed8000 	C:\windows\system32\ole32.dll
0x00007ffd63820000 - 0x00007ffd64d38000 	C:\windows\system32\SHELL32.dll
0x00007ffd62790000 - 0x00007ffd627ae000 	C:\windows\SYSTEM32\USERENV.dll
0x00007ffd64f30000 - 0x00007ffd64fd5000 	C:\windows\system32\ADVAPI32.dll
0x00007ffd5a910000 - 0x00007ffd5a92b000 	C:\windows\SYSTEM32\MPR.dll
0x00007ffd64d40000 - 0x00007ffd64e77000 	C:\windows\system32\RPCRT4.dll
0x00007ffd65760000 - 0x00007ffd657b9000 	C:\windows\SYSTEM32\sechost.dll
0x00007ffd657c0000 - 0x00007ffd65996000 	C:\windows\SYSTEM32\combase.dll
0x00007ffd64fe0000 - 0x00007ffd65124000 	C:\windows\system32\GDI32.dll
0x00007ffd63120000 - 0x00007ffd63134000 	C:\windows\SYSTEM32\profapi.dll
0x00007ffd61520000 - 0x00007ffd615bf000 	C:\windows\SYSTEM32\SHCORE.dll
0x00007ffd65d10000 - 0x00007ffd65d44000 	C:\windows\system32\IMM32.DLL
0x00007ffd65130000 - 0x00007ffd65281000 	C:\windows\system32\MSCTF.dll
0x00007ffd60e50000 - 0x00007ffd610aa000 	C:\windows\WinSxS\amd64_microsoft.windows.common-controls_6595b64144ccf1df_6.0.9600.17031_none_6242a4b3ecbb55a1\COMCTL32.dll
0x000000005d7b0000 - 0x000000005d882000 	C:\Program Files\Java\jdk1.7.0_75\jre\bin\msvcr100.dll
0x000000005dd20000 - 0x000000005e4f4000 	C:\Program Files\Java\jdk1.7.0_75\jre\bin\server\jvm.dll
0x00007ffd59b20000 - 0x00007ffd59b29000 	C:\windows\SYSTEM32\WSOCK32.dll
0x00007ffd5ef30000 - 0x00007ffd5ef4f000 	C:\windows\SYSTEM32\WINMM.dll
0x00007ffd65b20000 - 0x00007ffd65b27000 	C:\windows\system32\PSAPI.DLL
0x00007ffd652f0000 - 0x00007ffd65348000 	C:\windows\system32\WS2_32.dll
0x00007ffd5ef00000 - 0x00007ffd5ef2a000 	C:\windows\SYSTEM32\WINMMBASE.dll
0x00007ffd65d50000 - 0x00007ffd65d59000 	C:\windows\system32\NSI.dll
0x00007ffd631f0000 - 0x00007ffd6323a000 	C:\windows\SYSTEM32\cfgmgr32.dll
0x00007ffd61f90000 - 0x00007ffd61fb6000 	C:\windows\SYSTEM32\DEVOBJ.dll
0x000000005dc30000 - 0x000000005dc3f000 	C:\Program Files\Java\jdk1.7.0_75\jre\bin\verify.dll
0x000000005dc00000 - 0x000000005dc28000 	C:\Program Files\Java\jdk1.7.0_75\jre\bin\java.dll
0x000000005dbe0000 - 0x000000005dbf5000 	C:\Program Files\Java\jdk1.7.0_75\jre\bin\zip.dll
0x000000005dbc0000 - 0x000000005dbd9000 	C:\Program Files\Java\jdk1.7.0_75\jre\bin\net.dll
0x00007ffd62a30000 - 0x00007ffd62a88000 	C:\windows\system32\mswsock.dll
0x000000005dba0000 - 0x000000005dbb1000 	C:\Program Files\Java\jdk1.7.0_75\jre\bin\nio.dll

VM Arguments:
jvm_args: -Xmx1024M -Dfile.encoding=windows-1252 -Duser.country=SE -Duser.language=sv -Duser.variant 
java_command: com.android.dx.command.Main --dex --output C:\Users\David\Documents\GitHub\ElderAlarm\wear\build\intermediates\pre-dexed\debug\classes-765c37dca611877612da78d9adf74739ede7a9a3.jar C:\Users\David\Documents\GitHub\ElderAlarm\wear\build\intermediates\exploded-aar\com.android.support\recyclerview-v7\21.0.0\classes.jar
Launcher Type: SUN_STANDARD

Environment Variables:
PATH=C:\windows\system32;C:\windows;C:\windows\System32\Wbem;C:\windows\System32\WindowsPowerShell\v1.0\;C:\Program Files (x86)\Skype\Phone\
USERNAME=David
OS=Windows_NT
PROCESSOR_IDENTIFIER=Intel64 Family 6 Model 69 Stepping 1, GenuineIntel



---------------  S Y S T E M  ---------------

OS: Windows 8.1 , 64 bit Build 9600 

CPU:total 4 (2 cores per cpu, 2 threads per core) family 6 model 69 stepping 1, cmov, cx8, fxsr, mmx, sse, sse2, sse3, ssse3, sse4.1, sse4.2, popcnt, avx, avx2, aes, erms, ht, tsc, tscinvbit

Memory: 4k page, physical 4112428k(127004k free), swap 7258156k(5012k free)

vm_info: Java HotSpot(TM) 64-Bit Server VM (24.75-b04) for windows-amd64 JRE (1.7.0_75-b13), built on Dec 18 2014 17:15:01 by "java_re" with unknown MS VC++:1600

time: Tue May 05 10:56:28 2015
elapsed time: 3 seconds

